{"C:\\Users\\dusou\\Documents\\projetos-pessoais\\anotaai-challenge-backend-nodejs\\src\\services\\categoryService.ts": {"path":"C:\\Users\\dusou\\Documents\\projetos-pessoais\\anotaai-challenge-backend-nodejs\\src\\services\\categoryService.ts","statementMap":{"0":{"start":{"line":1,"column":0},"end":{"line":1,"column":55}},"1":{"start":{"line":8,"column":0},"end":{"line":8,"column":47}},"2":{"start":{"line":9,"column":0},"end":{"line":9,"column":82}},"3":{"start":{"line":11,"column":0},"end":{"line":11,"column":23}},"4":{"start":{"line":13,"column":15},"end":{"line":74,"column":null}},"5":{"start":{"line":16,"column":10},"end":{"line":16,"column":40}},"6":{"start":{"line":18,"column":10},"end":{"line":18,"column":44}},"7":{"start":{"line":22,"column":25},"end":{"line":24,"column":null}},"8":{"start":{"line":27,"column":2},"end":{"line":29,"column":3}},"9":{"start":{"line":28,"column":3},"end":{"line":28,"column":54}},"10":{"start":{"line":31,"column":24},"end":{"line":31,"column":59}},"11":{"start":{"line":33,"column":2},"end":{"line":35,"column":5}},"12":{"start":{"line":37,"column":2},"end":{"line":37,"column":42}},"13":{"start":{"line":41,"column":25},"end":{"line":41,"column":59}},"14":{"start":{"line":42,"column":2},"end":{"line":44,"column":3}},"15":{"start":{"line":43,"column":3},"end":{"line":43,"column":49}},"16":{"start":{"line":46,"column":2},"end":{"line":46,"column":24}},"17":{"start":{"line":50,"column":25},"end":{"line":50,"column":59}},"18":{"start":{"line":52,"column":2},"end":{"line":54,"column":3}},"19":{"start":{"line":53,"column":3},"end":{"line":53,"column":49}},"20":{"start":{"line":56,"column":26},"end":{"line":56,"column":72}},"21":{"start":{"line":58,"column":2},"end":{"line":60,"column":5}},"22":{"start":{"line":62,"column":2},"end":{"line":62,"column":44}},"23":{"start":{"line":66,"column":25},"end":{"line":66,"column":59}},"24":{"start":{"line":68,"column":2},"end":{"line":70,"column":3}},"25":{"start":{"line":69,"column":3},"end":{"line":69,"column":49}},"26":{"start":{"line":72,"column":2},"end":{"line":72,"column":42}},"27":{"start":{"line":13,"column":21},"end":{"line":74,"column":null}},"28":{"start":{"line":13,"column":21},"end":{"line":13,"column":null}}},"fnMap":{"0":{"name":"(anonymous_11)","decl":{"start":{"line":14,"column":1},"end":{"line":14,"column":null}},"loc":{"start":{"line":18,"column":44},"end":{"line":19,"column":5}}},"1":{"name":"(anonymous_12)","decl":{"start":{"line":21,"column":7},"end":{"line":21,"column":13}},"loc":{"start":{"line":21,"column":40},"end":{"line":38,"column":null}}},"2":{"name":"(anonymous_14)","decl":{"start":{"line":40,"column":7},"end":{"line":40,"column":15}},"loc":{"start":{"line":40,"column":26},"end":{"line":47,"column":null}}},"3":{"name":"(anonymous_16)","decl":{"start":{"line":49,"column":7},"end":{"line":49,"column":13}},"loc":{"start":{"line":49,"column":57},"end":{"line":63,"column":null}}},"4":{"name":"(anonymous_18)","decl":{"start":{"line":65,"column":7},"end":{"line":65,"column":13}},"loc":{"start":{"line":65,"column":24},"end":{"line":73,"column":null}}}},"branchMap":{"0":{"loc":{"start":{"line":27,"column":2},"end":{"line":29,"column":3}},"type":"if","locations":[{"start":{"line":27,"column":2},"end":{"line":29,"column":3}}]},"1":{"loc":{"start":{"line":42,"column":2},"end":{"line":44,"column":3}},"type":"if","locations":[{"start":{"line":42,"column":2},"end":{"line":44,"column":3}}]},"2":{"loc":{"start":{"line":52,"column":2},"end":{"line":54,"column":3}},"type":"if","locations":[{"start":{"line":52,"column":2},"end":{"line":54,"column":3}}]},"3":{"loc":{"start":{"line":68,"column":2},"end":{"line":70,"column":3}},"type":"if","locations":[{"start":{"line":68,"column":2},"end":{"line":70,"column":3}}]}},"s":{"0":2,"1":2,"2":2,"3":2,"4":2,"5":23,"6":23,"7":2,"8":2,"9":1,"10":1,"11":1,"12":1,"13":7,"14":7,"15":3,"16":4,"17":4,"18":4,"19":1,"20":3,"21":3,"22":3,"23":2,"24":2,"25":1,"26":1,"27":2,"28":2},"f":{"0":23,"1":2,"2":7,"3":4,"4":2},"b":{"0":[1],"1":[3],"2":[1],"3":[1]}}
,"C:\\Users\\dusou\\Documents\\projetos-pessoais\\anotaai-challenge-backend-nodejs\\src\\services\\productService.ts": {"path":"C:\\Users\\dusou\\Documents\\projetos-pessoais\\anotaai-challenge-backend-nodejs\\src\\services\\productService.ts","statementMap":{"0":{"start":{"line":2,"column":0},"end":{"line":2,"column":57}},"1":{"start":{"line":3,"column":0},"end":{"line":3,"column":52}},"2":{"start":{"line":4,"column":0},"end":{"line":4,"column":82}},"3":{"start":{"line":5,"column":0},"end":{"line":5,"column":47}},"4":{"start":{"line":7,"column":0},"end":{"line":7,"column":23}},"5":{"start":{"line":9,"column":15},"end":{"line":65,"column":null}},"6":{"start":{"line":12,"column":10},"end":{"line":12,"column":39}},"7":{"start":{"line":14,"column":10},"end":{"line":14,"column":27}},"8":{"start":{"line":16,"column":10},"end":{"line":16,"column":44}},"9":{"start":{"line":20,"column":25},"end":{"line":20,"column":80}},"10":{"start":{"line":22,"column":24},"end":{"line":24,"column":null}},"11":{"start":{"line":27,"column":2},"end":{"line":29,"column":3}},"12":{"start":{"line":28,"column":3},"end":{"line":28,"column":53}},"13":{"start":{"line":30,"column":17},"end":{"line":30,"column":52}},"14":{"start":{"line":32,"column":2},"end":{"line":34,"column":5}},"15":{"start":{"line":35,"column":2},"end":{"line":35,"column":42}},"16":{"start":{"line":39,"column":24},"end":{"line":39,"column":58}},"17":{"start":{"line":41,"column":2},"end":{"line":43,"column":3}},"18":{"start":{"line":42,"column":3},"end":{"line":42,"column":53}},"19":{"start":{"line":45,"column":2},"end":{"line":47,"column":3}},"20":{"start":{"line":46,"column":3},"end":{"line":46,"column":64}},"21":{"start":{"line":49,"column":17},"end":{"line":49,"column":63}},"22":{"start":{"line":51,"column":2},"end":{"line":53,"column":5}},"23":{"start":{"line":55,"column":2},"end":{"line":55,"column":42}},"24":{"start":{"line":59,"column":24},"end":{"line":59,"column":58}},"25":{"start":{"line":60,"column":2},"end":{"line":62,"column":3}},"26":{"start":{"line":61,"column":3},"end":{"line":61,"column":48}},"27":{"start":{"line":63,"column":2},"end":{"line":63,"column":42}},"28":{"start":{"line":9,"column":21},"end":{"line":65,"column":null}},"29":{"start":{"line":9,"column":21},"end":{"line":9,"column":null}}},"fnMap":{"0":{"name":"(anonymous_12)","decl":{"start":{"line":10,"column":1},"end":{"line":10,"column":null}},"loc":{"start":{"line":16,"column":44},"end":{"line":17,"column":5}}},"1":{"name":"(anonymous_13)","decl":{"start":{"line":19,"column":7},"end":{"line":19,"column":13}},"loc":{"start":{"line":19,"column":39},"end":{"line":36,"column":null}}},"2":{"name":"(anonymous_15)","decl":{"start":{"line":38,"column":7},"end":{"line":38,"column":13}},"loc":{"start":{"line":38,"column":56},"end":{"line":56,"column":null}}},"3":{"name":"(anonymous_17)","decl":{"start":{"line":58,"column":7},"end":{"line":58,"column":13}},"loc":{"start":{"line":58,"column":24},"end":{"line":64,"column":null}}}},"branchMap":{"0":{"loc":{"start":{"line":27,"column":2},"end":{"line":29,"column":3}},"type":"if","locations":[{"start":{"line":27,"column":2},"end":{"line":29,"column":3}}]},"1":{"loc":{"start":{"line":41,"column":2},"end":{"line":43,"column":3}},"type":"if","locations":[{"start":{"line":41,"column":2},"end":{"line":43,"column":3}}]},"2":{"loc":{"start":{"line":45,"column":2},"end":{"line":47,"column":3}},"type":"if","locations":[{"start":{"line":45,"column":2},"end":{"line":47,"column":3}}]},"3":{"loc":{"start":{"line":60,"column":2},"end":{"line":62,"column":3}},"type":"if","locations":[{"start":{"line":60,"column":2},"end":{"line":62,"column":3}}]}},"s":{"0":1,"1":1,"2":1,"3":1,"4":1,"5":1,"6":13,"7":13,"8":13,"9":3,"10":2,"11":2,"12":1,"13":1,"14":1,"15":1,"16":8,"17":8,"18":0,"19":8,"20":2,"21":7,"22":7,"23":7,"24":2,"25":2,"26":1,"27":1,"28":1,"29":1},"f":{"0":13,"1":3,"2":8,"3":2},"b":{"0":[1],"1":[0],"2":[2],"3":[1]}}
,"C:\\Users\\dusou\\Documents\\projetos-pessoais\\anotaai-challenge-backend-nodejs\\src\\utils\\dtos\\categoryDTO.ts": {"path":"C:\\Users\\dusou\\Documents\\projetos-pessoais\\anotaai-challenge-backend-nodejs\\src\\utils\\dtos\\categoryDTO.ts","statementMap":{"0":{"start":{"line":7,"column":2},"end":{"line":12,"column":4}},"1":{"start":{"line":16,"column":2},"end":{"line":16,"column":53}},"2":{"start":{"line":16,"column":31},"end":{"line":16,"column":51}},"3":{"start":{"line":3,"column":0},"end":{"line":3,"column":13}}},"fnMap":{"0":{"name":"(anonymous_0)","decl":{"start":{"line":4,"column":1},"end":{"line":4,"column":24}},"loc":{"start":{"line":4,"column":1},"end":{"line":4,"column":25}}},"1":{"name":"(anonymous_1)","decl":{"start":{"line":6,"column":1},"end":{"line":6,"column":7}},"loc":{"start":{"line":6,"column":32},"end":{"line":13,"column":2}}},"2":{"name":"(anonymous_2)","decl":{"start":{"line":15,"column":1},"end":{"line":15,"column":7}},"loc":{"start":{"line":15,"column":46},"end":{"line":17,"column":2}}},"3":{"name":"(anonymous_3)","decl":{"start":{"line":16,"column":24},"end":{"line":16,"column":25}},"loc":{"start":{"line":16,"column":31},"end":{"line":16,"column":51}}}},"branchMap":{},"s":{"0":4,"1":0,"2":0,"3":2},"f":{"0":0,"1":4,"2":0,"3":0},"b":{}}
,"C:\\Users\\dusou\\Documents\\projetos-pessoais\\anotaai-challenge-backend-nodejs\\src\\utils\\dtos\\productDTO.ts": {"path":"C:\\Users\\dusou\\Documents\\projetos-pessoais\\anotaai-challenge-backend-nodejs\\src\\utils\\dtos\\productDTO.ts","statementMap":{"0":{"start":{"line":6,"column":2},"end":{"line":12,"column":4}},"1":{"start":{"line":16,"column":2},"end":{"line":16,"column":54}},"2":{"start":{"line":16,"column":25},"end":{"line":16,"column":52}},"3":{"start":{"line":3,"column":0},"end":{"line":3,"column":21}}},"fnMap":{"0":{"name":"(anonymous_0)","decl":{"start":{"line":4,"column":1},"end":{"line":4,"column":24}},"loc":{"start":{"line":4,"column":1},"end":{"line":4,"column":25}}},"1":{"name":"(anonymous_1)","decl":{"start":{"line":5,"column":1},"end":{"line":5,"column":7}},"loc":{"start":{"line":5,"column":32},"end":{"line":13,"column":2}}},"2":{"name":"(anonymous_2)","decl":{"start":{"line":15,"column":1},"end":{"line":15,"column":7}},"loc":{"start":{"line":15,"column":44},"end":{"line":17,"column":2}}},"3":{"name":"(anonymous_3)","decl":{"start":{"line":16,"column":18},"end":{"line":16,"column":19}},"loc":{"start":{"line":16,"column":25},"end":{"line":16,"column":52}}}},"branchMap":{},"s":{"0":8,"1":0,"2":0,"3":1},"f":{"0":0,"1":8,"2":0,"3":0},"b":{}}
,"C:\\Users\\dusou\\Documents\\projetos-pessoais\\anotaai-challenge-backend-nodejs\\src\\utils\\exceptions\\customException.ts": {"path":"C:\\Users\\dusou\\Documents\\projetos-pessoais\\anotaai-challenge-backend-nodejs\\src\\utils\\exceptions\\customException.ts","statementMap":{"0":{"start":{"line":14,"column":2},"end":{"line":14,"column":17}},"1":{"start":{"line":15,"column":2},"end":{"line":15,"column":25}},"2":{"start":{"line":16,"column":2},"end":{"line":16,"column":24}},"3":{"start":{"line":18,"column":20},"end":{"line":21,"column":5}},"4":{"start":{"line":18,"column":39},"end":{"line":21,"column":4}},"5":{"start":{"line":22,"column":2},"end":{"line":22,"column":27}},"6":{"start":{"line":9,"column":0},"end":{"line":9,"column":13}},"7":{"start":{"line":31,"column":2},"end":{"line":31,"column":17}},"8":{"start":{"line":32,"column":2},"end":{"line":32,"column":30}},"9":{"start":{"line":33,"column":2},"end":{"line":33,"column":24}},"10":{"start":{"line":34,"column":2},"end":{"line":34,"column":20}},"11":{"start":{"line":26,"column":0},"end":{"line":26,"column":13}},"12":{"start":{"line":43,"column":2},"end":{"line":43,"column":17}},"13":{"start":{"line":44,"column":2},"end":{"line":44,"column":30}},"14":{"start":{"line":45,"column":2},"end":{"line":45,"column":24}},"15":{"start":{"line":46,"column":2},"end":{"line":46,"column":20}},"16":{"start":{"line":38,"column":0},"end":{"line":38,"column":13}},"17":{"start":{"line":55,"column":2},"end":{"line":55,"column":17}},"18":{"start":{"line":56,"column":2},"end":{"line":56,"column":30}},"19":{"start":{"line":57,"column":2},"end":{"line":57,"column":24}},"20":{"start":{"line":58,"column":2},"end":{"line":58,"column":20}},"21":{"start":{"line":50,"column":0},"end":{"line":50,"column":13}}},"fnMap":{"0":{"name":"(anonymous_0)","decl":{"start":{"line":13,"column":1},"end":{"line":13,"column":13}},"loc":{"start":{"line":13,"column":48},"end":{"line":23,"column":2}}},"1":{"name":"(anonymous_1)","decl":{"start":{"line":18,"column":31},"end":{"line":18,"column":32}},"loc":{"start":{"line":18,"column":39},"end":{"line":21,"column":4}}},"2":{"name":"(anonymous_2)","decl":{"start":{"line":30,"column":1},"end":{"line":30,"column":13}},"loc":{"start":{"line":30,"column":28},"end":{"line":35,"column":2}}},"3":{"name":"(anonymous_3)","decl":{"start":{"line":42,"column":1},"end":{"line":42,"column":13}},"loc":{"start":{"line":42,"column":28},"end":{"line":47,"column":2}}},"4":{"name":"(anonymous_4)","decl":{"start":{"line":54,"column":1},"end":{"line":54,"column":13}},"loc":{"start":{"line":54,"column":28},"end":{"line":59,"column":2}}}},"branchMap":{},"s":{"0":0,"1":0,"2":0,"3":0,"4":0,"5":0,"6":2,"7":2,"8":2,"9":2,"10":2,"11":2,"12":6,"13":6,"14":6,"15":6,"16":2,"17":0,"18":0,"19":0,"20":0,"21":2},"f":{"0":0,"1":0,"2":2,"3":6,"4":0},"b":{}}
}
