{"C:\\Users\\dusou\\Documents\\projetos-pessoais\\anotaai-challenge-backend-nodejs\\src\\services\\categoryService.ts": {"path":"C:\\Users\\dusou\\Documents\\projetos-pessoais\\anotaai-challenge-backend-nodejs\\src\\services\\categoryService.ts","statementMap":{"0":{"start":{"line":1,"column":0},"end":{"line":1,"column":55}},"1":{"start":{"line":8,"column":0},"end":{"line":8,"column":47}},"2":{"start":{"line":9,"column":0},"end":{"line":9,"column":82}},"3":{"start":{"line":12,"column":15},"end":{"line":61,"column":null}},"4":{"start":{"line":15,"column":10},"end":{"line":15,"column":40}},"5":{"start":{"line":19,"column":25},"end":{"line":21,"column":null}},"6":{"start":{"line":24,"column":2},"end":{"line":26,"column":3}},"7":{"start":{"line":25,"column":3},"end":{"line":25,"column":54}},"8":{"start":{"line":28,"column":24},"end":{"line":28,"column":59}},"9":{"start":{"line":29,"column":2},"end":{"line":29,"column":42}},"10":{"start":{"line":33,"column":25},"end":{"line":33,"column":59}},"11":{"start":{"line":34,"column":2},"end":{"line":36,"column":3}},"12":{"start":{"line":35,"column":3},"end":{"line":35,"column":49}},"13":{"start":{"line":38,"column":2},"end":{"line":38,"column":24}},"14":{"start":{"line":42,"column":25},"end":{"line":42,"column":59}},"15":{"start":{"line":44,"column":2},"end":{"line":46,"column":3}},"16":{"start":{"line":45,"column":3},"end":{"line":45,"column":49}},"17":{"start":{"line":48,"column":26},"end":{"line":48,"column":72}},"18":{"start":{"line":49,"column":2},"end":{"line":49,"column":44}},"19":{"start":{"line":53,"column":25},"end":{"line":53,"column":59}},"20":{"start":{"line":55,"column":2},"end":{"line":57,"column":3}},"21":{"start":{"line":56,"column":3},"end":{"line":56,"column":49}},"22":{"start":{"line":59,"column":2},"end":{"line":59,"column":42}},"23":{"start":{"line":12,"column":21},"end":{"line":61,"column":null}},"24":{"start":{"line":12,"column":21},"end":{"line":12,"column":null}}},"fnMap":{"0":{"name":"(anonymous_11)","decl":{"start":{"line":13,"column":1},"end":{"line":13,"column":null}},"loc":{"start":{"line":15,"column":40},"end":{"line":16,"column":5}}},"1":{"name":"(anonymous_12)","decl":{"start":{"line":18,"column":7},"end":{"line":18,"column":13}},"loc":{"start":{"line":18,"column":40},"end":{"line":30,"column":null}}},"2":{"name":"(anonymous_14)","decl":{"start":{"line":32,"column":7},"end":{"line":32,"column":15}},"loc":{"start":{"line":32,"column":26},"end":{"line":39,"column":null}}},"3":{"name":"(anonymous_16)","decl":{"start":{"line":41,"column":7},"end":{"line":41,"column":13}},"loc":{"start":{"line":41,"column":57},"end":{"line":50,"column":null}}},"4":{"name":"(anonymous_18)","decl":{"start":{"line":52,"column":7},"end":{"line":52,"column":13}},"loc":{"start":{"line":52,"column":24},"end":{"line":60,"column":null}}}},"branchMap":{"0":{"loc":{"start":{"line":24,"column":2},"end":{"line":26,"column":3}},"type":"if","locations":[{"start":{"line":24,"column":2},"end":{"line":26,"column":3}}]},"1":{"loc":{"start":{"line":34,"column":2},"end":{"line":36,"column":3}},"type":"if","locations":[{"start":{"line":34,"column":2},"end":{"line":36,"column":3}}]},"2":{"loc":{"start":{"line":44,"column":2},"end":{"line":46,"column":3}},"type":"if","locations":[{"start":{"line":44,"column":2},"end":{"line":46,"column":3}}]},"3":{"loc":{"start":{"line":55,"column":2},"end":{"line":57,"column":3}},"type":"if","locations":[{"start":{"line":55,"column":2},"end":{"line":57,"column":3}}]}},"s":{"0":2,"1":2,"2":2,"3":2,"4":21,"5":2,"6":2,"7":1,"8":1,"9":1,"10":5,"11":5,"12":2,"13":3,"14":4,"15":4,"16":1,"17":3,"18":3,"19":2,"20":2,"21":1,"22":1,"23":2,"24":2},"f":{"0":21,"1":2,"2":5,"3":4,"4":2},"b":{"0":[1],"1":[2],"2":[1],"3":[1]}}
,"C:\\Users\\dusou\\Documents\\projetos-pessoais\\anotaai-challenge-backend-nodejs\\src\\services\\productService.ts": {"path":"C:\\Users\\dusou\\Documents\\projetos-pessoais\\anotaai-challenge-backend-nodejs\\src\\services\\productService.ts","statementMap":{"0":{"start":{"line":2,"column":0},"end":{"line":2,"column":57}},"1":{"start":{"line":3,"column":0},"end":{"line":3,"column":52}},"2":{"start":{"line":4,"column":0},"end":{"line":4,"column":82}},"3":{"start":{"line":5,"column":0},"end":{"line":5,"column":47}},"4":{"start":{"line":8,"column":15},"end":{"line":53,"column":null}},"5":{"start":{"line":11,"column":10},"end":{"line":11,"column":39}},"6":{"start":{"line":13,"column":10},"end":{"line":13,"column":27}},"7":{"start":{"line":17,"column":25},"end":{"line":17,"column":80}},"8":{"start":{"line":19,"column":24},"end":{"line":21,"column":null}},"9":{"start":{"line":24,"column":2},"end":{"line":26,"column":3}},"10":{"start":{"line":25,"column":3},"end":{"line":25,"column":53}},"11":{"start":{"line":27,"column":17},"end":{"line":27,"column":52}},"12":{"start":{"line":28,"column":2},"end":{"line":28,"column":42}},"13":{"start":{"line":32,"column":24},"end":{"line":32,"column":58}},"14":{"start":{"line":34,"column":2},"end":{"line":36,"column":3}},"15":{"start":{"line":35,"column":3},"end":{"line":35,"column":53}},"16":{"start":{"line":38,"column":2},"end":{"line":40,"column":3}},"17":{"start":{"line":39,"column":3},"end":{"line":39,"column":64}},"18":{"start":{"line":42,"column":17},"end":{"line":42,"column":63}},"19":{"start":{"line":43,"column":2},"end":{"line":43,"column":42}},"20":{"start":{"line":47,"column":24},"end":{"line":47,"column":58}},"21":{"start":{"line":48,"column":2},"end":{"line":50,"column":3}},"22":{"start":{"line":49,"column":3},"end":{"line":49,"column":48}},"23":{"start":{"line":51,"column":2},"end":{"line":51,"column":42}},"24":{"start":{"line":8,"column":21},"end":{"line":53,"column":null}},"25":{"start":{"line":8,"column":21},"end":{"line":8,"column":null}}},"fnMap":{"0":{"name":"(anonymous_12)","decl":{"start":{"line":9,"column":1},"end":{"line":9,"column":null}},"loc":{"start":{"line":13,"column":42},"end":{"line":14,"column":5}}},"1":{"name":"(anonymous_13)","decl":{"start":{"line":16,"column":7},"end":{"line":16,"column":13}},"loc":{"start":{"line":16,"column":39},"end":{"line":29,"column":null}}},"2":{"name":"(anonymous_15)","decl":{"start":{"line":31,"column":7},"end":{"line":31,"column":13}},"loc":{"start":{"line":31,"column":56},"end":{"line":44,"column":null}}},"3":{"name":"(anonymous_17)","decl":{"start":{"line":46,"column":7},"end":{"line":46,"column":13}},"loc":{"start":{"line":46,"column":24},"end":{"line":52,"column":null}}}},"branchMap":{"0":{"loc":{"start":{"line":24,"column":2},"end":{"line":26,"column":3}},"type":"if","locations":[{"start":{"line":24,"column":2},"end":{"line":26,"column":3}}]},"1":{"loc":{"start":{"line":34,"column":2},"end":{"line":36,"column":3}},"type":"if","locations":[{"start":{"line":34,"column":2},"end":{"line":36,"column":3}}]},"2":{"loc":{"start":{"line":38,"column":2},"end":{"line":40,"column":3}},"type":"if","locations":[{"start":{"line":38,"column":2},"end":{"line":40,"column":3}}]},"3":{"loc":{"start":{"line":48,"column":2},"end":{"line":50,"column":3}},"type":"if","locations":[{"start":{"line":48,"column":2},"end":{"line":50,"column":3}}]}},"s":{"0":1,"1":1,"2":1,"3":1,"4":1,"5":13,"6":13,"7":3,"8":2,"9":2,"10":1,"11":1,"12":1,"13":8,"14":8,"15":0,"16":8,"17":2,"18":7,"19":7,"20":2,"21":2,"22":1,"23":1,"24":1,"25":1},"f":{"0":13,"1":3,"2":8,"3":2},"b":{"0":[1],"1":[0],"2":[2],"3":[1]}}
,"C:\\Users\\dusou\\Documents\\projetos-pessoais\\anotaai-challenge-backend-nodejs\\src\\utils\\dtos\\categoryDTO.ts": {"path":"C:\\Users\\dusou\\Documents\\projetos-pessoais\\anotaai-challenge-backend-nodejs\\src\\utils\\dtos\\categoryDTO.ts","statementMap":{"0":{"start":{"line":7,"column":2},"end":{"line":12,"column":4}},"1":{"start":{"line":16,"column":2},"end":{"line":16,"column":53}},"2":{"start":{"line":16,"column":31},"end":{"line":16,"column":51}},"3":{"start":{"line":3,"column":0},"end":{"line":3,"column":13}}},"fnMap":{"0":{"name":"(anonymous_0)","decl":{"start":{"line":4,"column":1},"end":{"line":4,"column":24}},"loc":{"start":{"line":4,"column":1},"end":{"line":4,"column":25}}},"1":{"name":"(anonymous_1)","decl":{"start":{"line":6,"column":1},"end":{"line":6,"column":7}},"loc":{"start":{"line":6,"column":32},"end":{"line":13,"column":2}}},"2":{"name":"(anonymous_2)","decl":{"start":{"line":15,"column":1},"end":{"line":15,"column":7}},"loc":{"start":{"line":15,"column":46},"end":{"line":17,"column":2}}},"3":{"name":"(anonymous_3)","decl":{"start":{"line":16,"column":24},"end":{"line":16,"column":25}},"loc":{"start":{"line":16,"column":31},"end":{"line":16,"column":51}}}},"branchMap":{},"s":{"0":4,"1":0,"2":0,"3":2},"f":{"0":0,"1":4,"2":0,"3":0},"b":{}}
,"C:\\Users\\dusou\\Documents\\projetos-pessoais\\anotaai-challenge-backend-nodejs\\src\\utils\\dtos\\productDTO.ts": {"path":"C:\\Users\\dusou\\Documents\\projetos-pessoais\\anotaai-challenge-backend-nodejs\\src\\utils\\dtos\\productDTO.ts","statementMap":{"0":{"start":{"line":6,"column":2},"end":{"line":12,"column":4}},"1":{"start":{"line":16,"column":2},"end":{"line":16,"column":54}},"2":{"start":{"line":16,"column":25},"end":{"line":16,"column":52}},"3":{"start":{"line":3,"column":0},"end":{"line":3,"column":21}}},"fnMap":{"0":{"name":"(anonymous_0)","decl":{"start":{"line":4,"column":1},"end":{"line":4,"column":24}},"loc":{"start":{"line":4,"column":1},"end":{"line":4,"column":25}}},"1":{"name":"(anonymous_1)","decl":{"start":{"line":5,"column":1},"end":{"line":5,"column":7}},"loc":{"start":{"line":5,"column":32},"end":{"line":13,"column":2}}},"2":{"name":"(anonymous_2)","decl":{"start":{"line":15,"column":1},"end":{"line":15,"column":7}},"loc":{"start":{"line":15,"column":44},"end":{"line":17,"column":2}}},"3":{"name":"(anonymous_3)","decl":{"start":{"line":16,"column":18},"end":{"line":16,"column":19}},"loc":{"start":{"line":16,"column":25},"end":{"line":16,"column":52}}}},"branchMap":{},"s":{"0":8,"1":0,"2":0,"3":1},"f":{"0":0,"1":8,"2":0,"3":0},"b":{}}
,"C:\\Users\\dusou\\Documents\\projetos-pessoais\\anotaai-challenge-backend-nodejs\\src\\utils\\exceptions\\customException.ts": {"path":"C:\\Users\\dusou\\Documents\\projetos-pessoais\\anotaai-challenge-backend-nodejs\\src\\utils\\exceptions\\customException.ts","statementMap":{"0":{"start":{"line":14,"column":2},"end":{"line":14,"column":17}},"1":{"start":{"line":15,"column":2},"end":{"line":15,"column":25}},"2":{"start":{"line":16,"column":2},"end":{"line":16,"column":24}},"3":{"start":{"line":18,"column":20},"end":{"line":21,"column":5}},"4":{"start":{"line":18,"column":39},"end":{"line":21,"column":4}},"5":{"start":{"line":22,"column":2},"end":{"line":22,"column":27}},"6":{"start":{"line":9,"column":0},"end":{"line":9,"column":13}},"7":{"start":{"line":31,"column":2},"end":{"line":31,"column":17}},"8":{"start":{"line":32,"column":2},"end":{"line":32,"column":30}},"9":{"start":{"line":33,"column":2},"end":{"line":33,"column":24}},"10":{"start":{"line":34,"column":2},"end":{"line":34,"column":20}},"11":{"start":{"line":26,"column":0},"end":{"line":26,"column":13}},"12":{"start":{"line":43,"column":2},"end":{"line":43,"column":17}},"13":{"start":{"line":44,"column":2},"end":{"line":44,"column":30}},"14":{"start":{"line":45,"column":2},"end":{"line":45,"column":24}},"15":{"start":{"line":46,"column":2},"end":{"line":46,"column":20}},"16":{"start":{"line":38,"column":0},"end":{"line":38,"column":13}},"17":{"start":{"line":55,"column":2},"end":{"line":55,"column":17}},"18":{"start":{"line":56,"column":2},"end":{"line":56,"column":30}},"19":{"start":{"line":57,"column":2},"end":{"line":57,"column":24}},"20":{"start":{"line":58,"column":2},"end":{"line":58,"column":20}},"21":{"start":{"line":50,"column":0},"end":{"line":50,"column":13}}},"fnMap":{"0":{"name":"(anonymous_0)","decl":{"start":{"line":13,"column":1},"end":{"line":13,"column":13}},"loc":{"start":{"line":13,"column":48},"end":{"line":23,"column":2}}},"1":{"name":"(anonymous_1)","decl":{"start":{"line":18,"column":31},"end":{"line":18,"column":32}},"loc":{"start":{"line":18,"column":39},"end":{"line":21,"column":4}}},"2":{"name":"(anonymous_2)","decl":{"start":{"line":30,"column":1},"end":{"line":30,"column":13}},"loc":{"start":{"line":30,"column":28},"end":{"line":35,"column":2}}},"3":{"name":"(anonymous_3)","decl":{"start":{"line":42,"column":1},"end":{"line":42,"column":13}},"loc":{"start":{"line":42,"column":28},"end":{"line":47,"column":2}}},"4":{"name":"(anonymous_4)","decl":{"start":{"line":54,"column":1},"end":{"line":54,"column":13}},"loc":{"start":{"line":54,"column":28},"end":{"line":59,"column":2}}}},"branchMap":{},"s":{"0":0,"1":0,"2":0,"3":0,"4":0,"5":0,"6":2,"7":2,"8":2,"9":2,"10":2,"11":2,"12":5,"13":5,"14":5,"15":5,"16":2,"17":0,"18":0,"19":0,"20":0,"21":2},"f":{"0":0,"1":0,"2":2,"3":5,"4":0},"b":{}}
}
