TN:
SF:src\services\categoryService.ts
FN:13,(anonymous_11)
FN:18,(anonymous_12)
FN:32,(anonymous_14)
FN:41,(anonymous_16)
FN:52,(anonymous_18)
FNF:5
FNH:5
FNDA:21,(anonymous_11)
FNDA:2,(anonymous_12)
FNDA:5,(anonymous_14)
FNDA:4,(anonymous_16)
FNDA:2,(anonymous_18)
DA:1,2
DA:8,2
DA:9,2
DA:12,2
DA:15,21
DA:19,2
DA:24,2
DA:25,1
DA:28,1
DA:29,1
DA:33,5
DA:34,5
DA:35,2
DA:38,3
DA:42,4
DA:44,4
DA:45,1
DA:48,3
DA:49,3
DA:53,2
DA:55,2
DA:56,1
DA:59,1
LF:23
LH:23
BRDA:24,0,0,1
BRDA:34,1,0,2
BRDA:44,2,0,1
BRDA:55,3,0,1
BRF:4
BRH:4
end_of_record
TN:
SF:src\services\productService.ts
FN:9,(anonymous_12)
FN:16,(anonymous_13)
FN:31,(anonymous_15)
FN:46,(anonymous_17)
FNF:4
FNH:4
FNDA:13,(anonymous_12)
FNDA:3,(anonymous_13)
FNDA:8,(anonymous_15)
FNDA:2,(anonymous_17)
DA:2,1
DA:3,1
DA:4,1
DA:5,1
DA:8,1
DA:11,13
DA:13,13
DA:17,3
DA:19,2
DA:24,2
DA:25,1
DA:27,1
DA:28,1
DA:32,8
DA:34,8
DA:35,0
DA:38,8
DA:39,2
DA:42,7
DA:43,7
DA:47,2
DA:48,2
DA:49,1
DA:51,1
LF:24
LH:23
BRDA:24,0,0,1
BRDA:34,1,0,0
BRDA:38,2,0,2
BRDA:48,3,0,1
BRF:4
BRH:3
end_of_record
TN:
SF:src\utils\dtos\categoryDTO.ts
FN:4,(anonymous_0)
FN:6,(anonymous_1)
FN:15,(anonymous_2)
FN:16,(anonymous_3)
FNF:4
FNH:1
FNDA:0,(anonymous_0)
FNDA:4,(anonymous_1)
FNDA:0,(anonymous_2)
FNDA:0,(anonymous_3)
DA:3,2
DA:7,4
DA:16,0
LF:3
LH:2
BRF:0
BRH:0
end_of_record
TN:
SF:src\utils\dtos\productDTO.ts
FN:4,(anonymous_0)
FN:5,(anonymous_1)
FN:15,(anonymous_2)
FN:16,(anonymous_3)
FNF:4
FNH:1
FNDA:0,(anonymous_0)
FNDA:8,(anonymous_1)
FNDA:0,(anonymous_2)
FNDA:0,(anonymous_3)
DA:3,1
DA:6,8
DA:16,0
LF:3
LH:2
BRF:0
BRH:0
end_of_record
TN:
SF:src\utils\exceptions\customException.ts
FN:13,(anonymous_0)
FN:18,(anonymous_1)
FN:30,(anonymous_2)
FN:42,(anonymous_3)
FN:54,(anonymous_4)
FNF:5
FNH:2
FNDA:0,(anonymous_0)
FNDA:0,(anonymous_1)
FNDA:2,(anonymous_2)
FNDA:5,(anonymous_3)
FNDA:0,(anonymous_4)
DA:9,2
DA:14,0
DA:15,0
DA:16,0
DA:18,0
DA:22,0
DA:26,2
DA:31,2
DA:32,2
DA:33,2
DA:34,2
DA:38,2
DA:43,5
DA:44,5
DA:45,5
DA:46,5
DA:50,2
DA:55,0
DA:56,0
DA:57,0
DA:58,0
LF:21
LH:12
BRF:0
BRH:0
end_of_record
