TN:
SF:src\services\categoryService.ts
FN:14,(anonymous_11)
FN:21,(anonymous_12)
FN:40,(anonymous_14)
FN:49,(anonymous_16)
FN:65,(anonymous_18)
FNF:5
FNH:5
FNDA:23,(anonymous_11)
FNDA:2,(anonymous_12)
FNDA:7,(anonymous_14)
FNDA:4,(anonymous_16)
FNDA:2,(anonymous_18)
DA:1,2
DA:8,2
DA:9,2
DA:11,2
DA:13,2
DA:16,23
DA:18,23
DA:22,2
DA:27,2
DA:28,1
DA:31,1
DA:33,1
DA:37,1
DA:41,7
DA:42,7
DA:43,3
DA:46,4
DA:50,4
DA:52,4
DA:53,1
DA:56,3
DA:58,3
DA:62,3
DA:66,2
DA:68,2
DA:69,1
DA:72,1
LF:27
LH:27
BRDA:27,0,0,1
BRDA:42,1,0,3
BRDA:52,2,0,1
BRDA:68,3,0,1
BRF:4
BRH:4
end_of_record
TN:
SF:src\services\productService.ts
FN:10,(anonymous_12)
FN:19,(anonymous_13)
FN:38,(anonymous_15)
FN:58,(anonymous_17)
FNF:4
FNH:4
FNDA:13,(anonymous_12)
FNDA:3,(anonymous_13)
FNDA:8,(anonymous_15)
FNDA:2,(anonymous_17)
DA:2,1
DA:3,1
DA:4,1
DA:5,1
DA:7,1
DA:9,1
DA:12,13
DA:14,13
DA:16,13
DA:20,3
DA:22,2
DA:27,2
DA:28,1
DA:30,1
DA:32,1
DA:35,1
DA:39,8
DA:41,8
DA:42,0
DA:45,8
DA:46,2
DA:49,7
DA:51,7
DA:55,7
DA:59,2
DA:60,2
DA:61,1
DA:63,1
LF:28
LH:27
BRDA:27,0,0,1
BRDA:41,1,0,0
BRDA:45,2,0,2
BRDA:60,3,0,1
BRF:4
BRH:3
end_of_record
TN:
SF:src\utils\dtos\categoryDTO.ts
FN:4,(anonymous_0)
FN:6,(anonymous_1)
FN:15,(anonymous_2)
FN:16,(anonymous_3)
FNF:4
FNH:1
FNDA:0,(anonymous_0)
FNDA:4,(anonymous_1)
FNDA:0,(anonymous_2)
FNDA:0,(anonymous_3)
DA:3,2
DA:7,4
DA:16,0
LF:3
LH:2
BRF:0
BRH:0
end_of_record
TN:
SF:src\utils\dtos\productDTO.ts
FN:4,(anonymous_0)
FN:5,(anonymous_1)
FN:15,(anonymous_2)
FN:16,(anonymous_3)
FNF:4
FNH:1
FNDA:0,(anonymous_0)
FNDA:8,(anonymous_1)
FNDA:0,(anonymous_2)
FNDA:0,(anonymous_3)
DA:3,1
DA:6,8
DA:16,0
LF:3
LH:2
BRF:0
BRH:0
end_of_record
TN:
SF:src\utils\exceptions\customException.ts
FN:13,(anonymous_0)
FN:18,(anonymous_1)
FN:30,(anonymous_2)
FN:42,(anonymous_3)
FN:54,(anonymous_4)
FNF:5
FNH:2
FNDA:0,(anonymous_0)
FNDA:0,(anonymous_1)
FNDA:2,(anonymous_2)
FNDA:6,(anonymous_3)
FNDA:0,(anonymous_4)
DA:9,2
DA:14,0
DA:15,0
DA:16,0
DA:18,0
DA:22,0
DA:26,2
DA:31,2
DA:32,2
DA:33,2
DA:34,2
DA:38,2
DA:43,6
DA:44,6
DA:45,6
DA:46,6
DA:50,2
DA:55,0
DA:56,0
DA:57,0
DA:58,0
LF:21
LH:12
BRF:0
BRH:0
end_of_record
